[debug] ----------------------------------------------------------------------
[debug] Command:      /Users/jecelyn/.nvm/versions/node/v7.7.0/bin/node /Users/jecelyn/Projects/mini-game/node_modules/.bin/firebase deploy
[debug] CLI Version:  3.5.0
[debug] Platform:     darwin
[debug] Node Version: v7.7.0
[debug] Time:         Mon Mar 27 2017 10:27:05 GMT+0800 (MYT)
[debug] ----------------------------------------------------------------------
[debug] 
[debug] > command requires scopes: ["email","openid","https://www.googleapis.com/auth/cloudplatformprojects.readonly","https://www.googleapis.com/auth/firebase"]
[debug] > refreshing access token with scopes: ["email","https://www.googleapis.com/auth/cloudplatformprojects.readonly","https://www.googleapis.com/auth/firebase","openid"]
[debug] >>> HTTP REQUEST POST https://www.googleapis.com/oauth2/v3/token { refresh_token: '1/yC5_CdKF7-tz4kb2g31AkY9eTiwCrqJYAKQX2yb5LwE',
  client_id: '563584335869-fgrhgmd47bqnekij5i8b5pr03ho849e6.apps.googleusercontent.com',
  client_secret: 'j9iVZfS8kkCEFUPaAeJV0sAi',
  grant_type: 'refresh_token',
  scope: 'email https://www.googleapis.com/auth/cloudplatformprojects.readonly https://www.googleapis.com/auth/firebase openid' } 
 Mon Mar 27 2017 10:27:05 GMT+0800 (MYT)
[debug] <<< HTTP RESPONSE 200
[debug] >>> HTTP REQUEST GET https://admin.firebase.com/v1/projects/mini-game-8d791  
 Mon Mar 27 2017 10:27:06 GMT+0800 (MYT)
[debug] <<< HTTP RESPONSE 200
[debug] >>> HTTP REQUEST GET https://admin.firebase.com/v1/database/mini-game-8d791/tokens  
 Mon Mar 27 2017 10:27:07 GMT+0800 (MYT)
